<?xml version="1.0" encoding="UTF-8"?>
<!-- Generated by org.testng.reporters.JUnitXMLReporter -->
<testsuite ignored="0" hostname="Pavan-Lenova" failures="0" tests="5" name="Test" time="48.582" errors="0" timestamp="2024-05-09T18:56:46 IST">
  <testcase classname="testCases.TC001_AccountRegistrationTest" name="verify_account_registration" time="2.917"/>
  <testcase classname="testCases.TC002_LoginTest" name="verify_login" time="0.765"/>
  <testcase classname="testCases.TC_004_SearchProductTest" name="verify_pruductSearch" time="0.314"/>
  <testcase classname="testCases.TC_005_AddToCartPageTest" name="verify_addToCart" time="0.623"/>
  <testcase classname="testCases.TC_006_EndToEndTest" name="endToendTest" time="35.403"/>
</testsuite> <!-- Test -->
